2022-02-11 16:06:38.485  INFO 55079 --- [restartedMain] com.example.demo.SareetaApplication      : Starting SareetaApplication on Apples-MacBook-Pro.local with PID 55079 (/Users/applecomputer648/Sites/udacity/Java-Web-Developer-Nanodegree-Program/Java Web Developer Nanodegree Program/paullewallencom/Java-Web-Developer-Nanodegree-Program/5-Security-and-DevOps/Project/eCommerceApplication/starter_code/target/classes started by applecomputer648 in /Users/applecomputer648/Sites/udacity/Java-Web-Developer-Nanodegree-Program/Java Web Developer Nanodegree Program/paullewallencom/Java-Web-Developer-Nanodegree-Program/5-Security-and-DevOps/Project/eCommerceApplication/starter_code)
2022-02-11 16:06:38.491  INFO 55079 --- [restartedMain] com.example.demo.SareetaApplication      : No active profile set, falling back to default profiles: default
2022-02-11 16:06:38.898  INFO 55079 --- [restartedMain] .e.DevToolsPropertyDefaultsPostProcessor : Devtools property defaults active! Set 'spring.devtools.add-properties' to 'false' to disable
2022-02-11 16:06:38.898  INFO 55079 --- [restartedMain] .e.DevToolsPropertyDefaultsPostProcessor : For additional web related logging consider setting the 'logging.level.web' property to 'DEBUG'
2022-02-11 16:06:40.363  INFO 55079 --- [restartedMain] .s.d.r.c.RepositoryConfigurationDelegate : Bootstrapping Spring Data JPA repositories in DEFAULT mode.
2022-02-11 16:06:40.594  INFO 55079 --- [restartedMain] .s.d.r.c.RepositoryConfigurationDelegate : Finished Spring Data repository scanning in 189ms. Found 4 JPA repository interfaces.
2022-02-11 16:06:42.174  INFO 55079 --- [restartedMain] o.s.b.w.embedded.tomcat.TomcatWebServer  : Tomcat initialized with port(s): 8888 (http)
2022-02-11 16:06:42.194  INFO 55079 --- [restartedMain] o.apache.catalina.core.StandardService   : Starting service [Tomcat]
2022-02-11 16:06:42.195  INFO 55079 --- [restartedMain] org.apache.catalina.core.StandardEngine  : Starting Servlet engine: [Apache Tomcat/9.0.38]
2022-02-11 16:06:42.324  INFO 55079 --- [restartedMain] o.a.c.c.C.[Tomcat].[localhost].[/]       : Initializing Spring embedded WebApplicationContext
2022-02-11 16:06:42.325  INFO 55079 --- [restartedMain] w.s.c.ServletWebServerApplicationContext : Root WebApplicationContext: initialization completed in 3426 ms
2022-02-11 16:06:42.467  INFO 55079 --- [restartedMain] com.zaxxer.hikari.HikariDataSource       : HikariPool-1 - Starting...
2022-02-11 16:06:42.873  INFO 55079 --- [restartedMain] com.zaxxer.hikari.HikariDataSource       : HikariPool-1 - Start completed.
2022-02-11 16:06:42.883  INFO 55079 --- [restartedMain] o.s.b.a.h2.H2ConsoleAutoConfiguration    : H2 console available at '/h2-console'. Database available at 'jdbc:h2:mem:bootapp'
2022-02-11 16:06:43.219  INFO 55079 --- [restartedMain] o.hibernate.jpa.internal.util.LogHelper  : HHH000204: Processing PersistenceUnitInfo [name: default]
2022-02-11 16:06:43.311  INFO 55079 --- [restartedMain] org.hibernate.Version                    : HHH000412: Hibernate ORM core version 5.4.21.Final
2022-02-11 16:06:43.574  INFO 55079 --- [restartedMain] o.hibernate.annotations.common.Version   : HCANN000001: Hibernate Commons Annotations {5.1.0.Final}
2022-02-11 16:06:43.770  INFO 55079 --- [restartedMain] org.hibernate.dialect.Dialect            : HHH000400: Using dialect: org.hibernate.dialect.H2Dialect
2022-02-11 16:06:45.642  INFO 55079 --- [restartedMain] o.h.e.t.j.p.i.JtaPlatformInitiator       : HHH000490: Using JtaPlatform implementation: [org.hibernate.engine.transaction.jta.platform.internal.NoJtaPlatform]
2022-02-11 16:06:45.679  INFO 55079 --- [restartedMain] j.LocalContainerEntityManagerFactoryBean : Initialized JPA EntityManagerFactory for persistence unit 'default'
2022-02-11 16:06:45.903  INFO 55079 --- [restartedMain] o.s.b.d.a.OptionalLiveReloadServer       : LiveReload server is running on port 35729
2022-02-11 16:06:46.962  WARN 55079 --- [restartedMain] JpaBaseConfiguration$JpaWebConfiguration : spring.jpa.open-in-view is enabled by default. Therefore, database queries may be performed during view rendering. Explicitly configure spring.jpa.open-in-view to disable this warning
2022-02-11 16:06:47.900  INFO 55079 --- [restartedMain] o.s.s.web.DefaultSecurityFilterChain     : Creating filter chain: any request, [org.springframework.security.web.context.request.async.WebAsyncManagerIntegrationFilter@5483bc0a, org.springframework.security.web.context.SecurityContextPersistenceFilter@c269098, org.springframework.security.web.header.HeaderWriterFilter@25fbfc5, org.springframework.web.filter.CorsFilter@3ba9ab1c, org.springframework.security.web.authentication.logout.LogoutFilter@2bd36a80, com.example.demo.security.JWTAuthenticationFilter@64e30311, com.example.demo.security.JWTAuthenticationVerificationFilter@31ae6687, org.springframework.security.web.savedrequest.RequestCacheAwareFilter@2e950d6, org.springframework.security.web.servletapi.SecurityContextHolderAwareRequestFilter@58d3a417, org.springframework.security.web.authentication.AnonymousAuthenticationFilter@7804ef54, org.springframework.security.web.session.SessionManagementFilter@559aa67f, org.springframework.security.web.access.ExceptionTranslationFilter@580fcd94, org.springframework.security.web.access.intercept.FilterSecurityInterceptor@441c5a2d]
2022-02-11 16:06:47.980  INFO 55079 --- [restartedMain] o.s.s.concurrent.ThreadPoolTaskExecutor  : Initializing ExecutorService 'applicationTaskExecutor'
2022-02-11 16:06:48.275  INFO 55079 --- [restartedMain] o.s.b.w.embedded.tomcat.TomcatWebServer  : Tomcat started on port(s): 8888 (http) with context path ''
2022-02-11 16:06:48.290  INFO 55079 --- [restartedMain] com.example.demo.SareetaApplication      : Started SareetaApplication in 15.684 seconds (JVM running for 17.25)
2022-02-11 16:08:23.492  INFO 55079 --- [SpringContextShutdownHook] o.s.s.concurrent.ThreadPoolTaskExecutor  : Shutting down ExecutorService 'applicationTaskExecutor'
2022-02-11 16:08:23.497  INFO 55079 --- [SpringContextShutdownHook] j.LocalContainerEntityManagerFactoryBean : Closing JPA EntityManagerFactory for persistence unit 'default'
2022-02-11 16:08:23.753  WARN 55079 --- [SpringContextShutdownHook] o.s.b.f.support.DisposableBeanAdapter    : Invocation of destroy method failed on bean with name 'inMemoryDatabaseShutdownExecutor': org.h2.jdbc.JdbcSQLNonTransientConnectionException: Database is already closed (to disable automatic closing at VM shutdown, add ";DB_CLOSE_ON_EXIT=FALSE" to the db URL) [90121-200]
2022-02-11 16:08:23.760  INFO 55079 --- [SpringContextShutdownHook] com.zaxxer.hikari.HikariDataSource       : HikariPool-1 - Shutdown initiated...
2022-02-11 16:08:23.812  INFO 55079 --- [SpringContextShutdownHook] com.zaxxer.hikari.HikariDataSource       : HikariPool-1 - Shutdown completed.
2022-02-11 16:33:37.524  INFO 55401 --- [restartedMain] com.example.demo.ECommerceApplication    : Starting ECommerceApplication on Apples-MacBook-Pro.local with PID 55401 (/Users/applecomputer648/Sites/udacity/Java-Web-Developer-Nanodegree-Program/Java Web Developer Nanodegree Program/paullewallencom/Java-Web-Developer-Nanodegree-Program/5-Security-and-DevOps/Project/eCommerceApplication/starter_code/target/classes started by applecomputer648 in /Users/applecomputer648/Sites/udacity/Java-Web-Developer-Nanodegree-Program/Java Web Developer Nanodegree Program/paullewallencom/Java-Web-Developer-Nanodegree-Program/5-Security-and-DevOps/Project/eCommerceApplication/starter_code)
2022-02-11 16:33:37.529  INFO 55401 --- [restartedMain] com.example.demo.ECommerceApplication    : No active profile set, falling back to default profiles: default
2022-02-11 16:33:37.699  INFO 55401 --- [restartedMain] .e.DevToolsPropertyDefaultsPostProcessor : Devtools property defaults active! Set 'spring.devtools.add-properties' to 'false' to disable
2022-02-11 16:33:37.700  INFO 55401 --- [restartedMain] .e.DevToolsPropertyDefaultsPostProcessor : For additional web related logging consider setting the 'logging.level.web' property to 'DEBUG'
2022-02-11 16:33:38.746  INFO 55401 --- [restartedMain] .s.d.r.c.RepositoryConfigurationDelegate : Bootstrapping Spring Data JPA repositories in DEFAULT mode.
2022-02-11 16:33:38.850  INFO 55401 --- [restartedMain] .s.d.r.c.RepositoryConfigurationDelegate : Finished Spring Data repository scanning in 86ms. Found 4 JPA repository interfaces.
2022-02-11 16:33:40.224  INFO 55401 --- [restartedMain] o.s.b.w.embedded.tomcat.TomcatWebServer  : Tomcat initialized with port(s): 8888 (http)
2022-02-11 16:33:40.254  INFO 55401 --- [restartedMain] o.apache.catalina.core.StandardService   : Starting service [Tomcat]
2022-02-11 16:33:40.255  INFO 55401 --- [restartedMain] org.apache.catalina.core.StandardEngine  : Starting Servlet engine: [Apache Tomcat/9.0.38]
2022-02-11 16:33:40.381  INFO 55401 --- [restartedMain] o.a.c.c.C.[Tomcat].[localhost].[/]       : Initializing Spring embedded WebApplicationContext
2022-02-11 16:33:40.381  INFO 55401 --- [restartedMain] w.s.c.ServletWebServerApplicationContext : Root WebApplicationContext: initialization completed in 2681 ms
2022-02-11 16:33:40.478  INFO 55401 --- [restartedMain] com.zaxxer.hikari.HikariDataSource       : HikariPool-1 - Starting...
2022-02-11 16:33:40.871  INFO 55401 --- [restartedMain] com.zaxxer.hikari.HikariDataSource       : HikariPool-1 - Start completed.
2022-02-11 16:33:40.883  INFO 55401 --- [restartedMain] o.s.b.a.h2.H2ConsoleAutoConfiguration    : H2 console available at '/h2-console'. Database available at 'jdbc:h2:mem:bootapp'
2022-02-11 16:33:41.171  INFO 55401 --- [restartedMain] o.hibernate.jpa.internal.util.LogHelper  : HHH000204: Processing PersistenceUnitInfo [name: default]
2022-02-11 16:33:41.272  INFO 55401 --- [restartedMain] org.hibernate.Version                    : HHH000412: Hibernate ORM core version 5.4.21.Final
2022-02-11 16:33:42.069  INFO 55401 --- [restartedMain] o.hibernate.annotations.common.Version   : HCANN000001: Hibernate Commons Annotations {5.1.0.Final}
2022-02-11 16:33:42.628  INFO 55401 --- [restartedMain] org.hibernate.dialect.Dialect            : HHH000400: Using dialect: org.hibernate.dialect.H2Dialect
2022-02-11 16:33:45.394  INFO 55401 --- [restartedMain] o.h.e.t.j.p.i.JtaPlatformInitiator       : HHH000490: Using JtaPlatform implementation: [org.hibernate.engine.transaction.jta.platform.internal.NoJtaPlatform]
2022-02-11 16:33:45.432  INFO 55401 --- [restartedMain] j.LocalContainerEntityManagerFactoryBean : Initialized JPA EntityManagerFactory for persistence unit 'default'
2022-02-11 16:33:45.852  INFO 55401 --- [restartedMain] o.s.b.d.a.OptionalLiveReloadServer       : LiveReload server is running on port 35729
2022-02-11 16:33:47.386  WARN 55401 --- [restartedMain] JpaBaseConfiguration$JpaWebConfiguration : spring.jpa.open-in-view is enabled by default. Therefore, database queries may be performed during view rendering. Explicitly configure spring.jpa.open-in-view to disable this warning
2022-02-11 16:33:47.802  INFO 55401 --- [restartedMain] o.s.s.web.DefaultSecurityFilterChain     : Creating filter chain: any request, [org.springframework.security.web.context.request.async.WebAsyncManagerIntegrationFilter@1a57c5c0, org.springframework.security.web.context.SecurityContextPersistenceFilter@45a6320b, org.springframework.security.web.header.HeaderWriterFilter@34fa097a, org.springframework.web.filter.CorsFilter@35a7ca2a, org.springframework.security.web.authentication.logout.LogoutFilter@762396af, com.example.demo.security.JWTAuthenticationFilter@533992e9, com.example.demo.security.JWTAuthenticationVerificationFilter@5ba7eac9, org.springframework.security.web.savedrequest.RequestCacheAwareFilter@7190cba4, org.springframework.security.web.servletapi.SecurityContextHolderAwareRequestFilter@19b7ef76, org.springframework.security.web.authentication.AnonymousAuthenticationFilter@7ffa4db8, org.springframework.security.web.session.SessionManagementFilter@5d63b6f0, org.springframework.security.web.access.ExceptionTranslationFilter@19dd20af, org.springframework.security.web.access.intercept.FilterSecurityInterceptor@6179c443]
2022-02-11 16:33:48.183  INFO 55401 --- [restartedMain] o.s.s.concurrent.ThreadPoolTaskExecutor  : Initializing ExecutorService 'applicationTaskExecutor'
2022-02-11 16:33:48.915  INFO 55401 --- [restartedMain] o.s.b.w.embedded.tomcat.TomcatWebServer  : Tomcat started on port(s): 8888 (http) with context path ''
2022-02-11 16:33:48.939  INFO 55401 --- [restartedMain] com.example.demo.ECommerceApplication    : Started ECommerceApplication in 17.462 seconds (JVM running for 19.294)
2022-02-11 16:34:39.299  INFO 55401 --- [SpringContextShutdownHook] o.s.s.concurrent.ThreadPoolTaskExecutor  : Shutting down ExecutorService 'applicationTaskExecutor'
2022-02-11 16:34:39.302  INFO 55401 --- [SpringContextShutdownHook] j.LocalContainerEntityManagerFactoryBean : Closing JPA EntityManagerFactory for persistence unit 'default'
2022-02-11 16:34:39.520  WARN 55401 --- [SpringContextShutdownHook] o.s.b.f.support.DisposableBeanAdapter    : Invocation of destroy method failed on bean with name 'inMemoryDatabaseShutdownExecutor': org.h2.jdbc.JdbcSQLNonTransientConnectionException: Database is already closed (to disable automatic closing at VM shutdown, add ";DB_CLOSE_ON_EXIT=FALSE" to the db URL) [90121-200]
2022-02-11 16:34:39.521  INFO 55401 --- [SpringContextShutdownHook] com.zaxxer.hikari.HikariDataSource       : HikariPool-1 - Shutdown initiated...
2022-02-11 16:34:39.573  INFO 55401 --- [SpringContextShutdownHook] com.zaxxer.hikari.HikariDataSource       : HikariPool-1 - Shutdown completed.
2022-02-11 16:46:26.110  INFO 55568 --- [main] c.e.demo.ECommerceApplicationTests       : Starting ECommerceApplicationTests on Apples-MacBook-Pro.local with PID 55568 (started by applecomputer648 in /Users/applecomputer648/Sites/udacity/Java-Web-Developer-Nanodegree-Program/Java Web Developer Nanodegree Program/paullewallencom/Java-Web-Developer-Nanodegree-Program/5-Security-and-DevOps/Project/eCommerceApplication/starter_code)
2022-02-11 16:46:26.116  INFO 55568 --- [main] c.e.demo.ECommerceApplicationTests       : No active profile set, falling back to default profiles: default
2022-02-11 16:46:27.157  INFO 55568 --- [main] .s.d.r.c.RepositoryConfigurationDelegate : Bootstrapping Spring Data JPA repositories in DEFAULT mode.
2022-02-11 16:46:27.296  INFO 55568 --- [main] .s.d.r.c.RepositoryConfigurationDelegate : Finished Spring Data repository scanning in 115ms. Found 4 JPA repository interfaces.
2022-02-11 16:46:28.830  INFO 55568 --- [main] o.hibernate.jpa.internal.util.LogHelper  : HHH000204: Processing PersistenceUnitInfo [name: default]
2022-02-11 16:46:28.992  INFO 55568 --- [main] org.hibernate.Version                    : HHH000412: Hibernate ORM core version 5.4.21.Final
2022-02-11 16:46:29.288  INFO 55568 --- [main] o.hibernate.annotations.common.Version   : HCANN000001: Hibernate Commons Annotations {5.1.0.Final}
2022-02-11 16:46:29.517  INFO 55568 --- [main] com.zaxxer.hikari.HikariDataSource       : HikariPool-1 - Starting...
2022-02-11 16:46:29.841  INFO 55568 --- [main] com.zaxxer.hikari.HikariDataSource       : HikariPool-1 - Start completed.
2022-02-11 16:46:29.868  INFO 55568 --- [main] org.hibernate.dialect.Dialect            : HHH000400: Using dialect: org.hibernate.dialect.H2Dialect
2022-02-11 16:46:31.298  INFO 55568 --- [main] o.h.e.t.j.p.i.JtaPlatformInitiator       : HHH000490: Using JtaPlatform implementation: [org.hibernate.engine.transaction.jta.platform.internal.NoJtaPlatform]
2022-02-11 16:46:31.324  INFO 55568 --- [main] j.LocalContainerEntityManagerFactoryBean : Initialized JPA EntityManagerFactory for persistence unit 'default'
2022-02-11 16:46:32.806  WARN 55568 --- [main] JpaBaseConfiguration$JpaWebConfiguration : spring.jpa.open-in-view is enabled by default. Therefore, database queries may be performed during view rendering. Explicitly configure spring.jpa.open-in-view to disable this warning
2022-02-11 16:46:33.353  INFO 55568 --- [main] o.s.s.web.DefaultSecurityFilterChain     : Creating filter chain: any request, [org.springframework.security.web.context.request.async.WebAsyncManagerIntegrationFilter@5d00b469, org.springframework.security.web.context.SecurityContextPersistenceFilter@5d94ac8a, org.springframework.security.web.header.HeaderWriterFilter@7582a16b, org.springframework.web.filter.CorsFilter@dd07be8, org.springframework.security.web.authentication.logout.LogoutFilter@70e5737f, com.example.demo.security.JWTAuthenticationFilter@7b8fcdf2, com.example.demo.security.JWTAuthenticationVerificationFilter@54d2f5d3, org.springframework.security.web.savedrequest.RequestCacheAwareFilter@5340ccb9, org.springframework.security.web.servletapi.SecurityContextHolderAwareRequestFilter@6ec2d990, org.springframework.security.web.authentication.AnonymousAuthenticationFilter@c29b0dc, org.springframework.security.web.session.SessionManagementFilter@55317c63, org.springframework.security.web.access.ExceptionTranslationFilter@25c8c71e, org.springframework.security.web.access.intercept.FilterSecurityInterceptor@759f45f1]
2022-02-11 16:46:33.973  INFO 55568 --- [main] o.s.s.concurrent.ThreadPoolTaskExecutor  : Initializing ExecutorService 'applicationTaskExecutor'
2022-02-11 16:46:34.470  INFO 55568 --- [main] c.e.demo.ECommerceApplicationTests       : Started ECommerceApplicationTests in 14.22 seconds (JVM running for 17.47)
2022-02-11 16:46:34.746  INFO 55568 --- [SpringContextShutdownHook] o.s.s.concurrent.ThreadPoolTaskExecutor  : Shutting down ExecutorService 'applicationTaskExecutor'
2022-02-11 16:46:34.751  INFO 55568 --- [SpringContextShutdownHook] j.LocalContainerEntityManagerFactoryBean : Closing JPA EntityManagerFactory for persistence unit 'default'
2022-02-11 16:46:34.753  INFO 55568 --- [SpringContextShutdownHook] com.zaxxer.hikari.HikariDataSource       : HikariPool-1 - Shutdown initiated...
2022-02-11 16:46:34.758  INFO 55568 --- [SpringContextShutdownHook] com.zaxxer.hikari.HikariDataSource       : HikariPool-1 - Shutdown completed.
